2024-02-29 14:15:01,316 INFO    StreamThr :7638 [internal.py:wandb_internal():86] W&B internal server running at pid: 7638, started at: 2024-02-29 14:15:01.316497
2024-02-29 14:15:01,317 DEBUG   HandlerThread:7638 [handler.py:handle_request():146] handle_request: status
2024-02-29 14:15:01,322 INFO    WriterThread:7638 [datastore.py:open_for_write():87] open: /Users/volodimir/Desktop/Bachelor/CrossValidation/wandb/run-20240229_141501-4wbkmjti/run-4wbkmjti.wandb
2024-02-29 14:15:01,322 DEBUG   SenderThread:7638 [sender.py:send():382] send: header
2024-02-29 14:15:01,332 DEBUG   SenderThread:7638 [sender.py:send():382] send: run
2024-02-29 14:15:01,746 INFO    SenderThread:7638 [dir_watcher.py:__init__():211] watching files in: /Users/volodimir/Desktop/Bachelor/CrossValidation/wandb/run-20240229_141501-4wbkmjti/files
2024-02-29 14:15:01,746 INFO    SenderThread:7638 [sender.py:_start_run_threads():1136] run started: 4wbkmjti with start time 1709212501.317029
2024-02-29 14:15:01,751 DEBUG   HandlerThread:7638 [handler.py:handle_request():146] handle_request: check_version
2024-02-29 14:15:01,751 DEBUG   SenderThread:7638 [sender.py:send_request():409] send_request: check_version
2024-02-29 14:15:01,831 DEBUG   HandlerThread:7638 [handler.py:handle_request():146] handle_request: run_start
2024-02-29 14:15:01,836 DEBUG   HandlerThread:7638 [system_info.py:__init__():27] System info init
2024-02-29 14:15:01,836 DEBUG   HandlerThread:7638 [system_info.py:__init__():42] System info init done
2024-02-29 14:15:01,836 INFO    HandlerThread:7638 [system_monitor.py:start():194] Starting system monitor
2024-02-29 14:15:01,836 INFO    SystemMonitor:7638 [system_monitor.py:_start():158] Starting system asset monitoring threads
2024-02-29 14:15:01,836 INFO    HandlerThread:7638 [system_monitor.py:probe():214] Collecting system info
2024-02-29 14:15:01,836 INFO    SystemMonitor:7638 [interfaces.py:start():190] Started cpu monitoring
2024-02-29 14:15:01,836 DEBUG   HandlerThread:7638 [system_info.py:probe():151] Probing system
2024-02-29 14:15:01,836 INFO    SystemMonitor:7638 [interfaces.py:start():190] Started disk monitoring
2024-02-29 14:15:01,837 INFO    SystemMonitor:7638 [interfaces.py:start():190] Started gpuapple monitoring
2024-02-29 14:15:01,839 INFO    SystemMonitor:7638 [interfaces.py:start():190] Started memory monitoring
2024-02-29 14:15:01,840 INFO    SystemMonitor:7638 [interfaces.py:start():190] Started network monitoring
2024-02-29 14:15:01,843 DEBUG   HandlerThread:7638 [system_info.py:_probe_git():136] Probing git
2024-02-29 14:15:01,854 DEBUG   HandlerThread:7638 [system_info.py:_probe_git():144] Probing git done
2024-02-29 14:15:01,855 DEBUG   HandlerThread:7638 [system_info.py:probe():199] Probing system done
2024-02-29 14:15:01,855 DEBUG   HandlerThread:7638 [system_monitor.py:probe():223] {'os': 'macOS-13.3.1-arm64-arm-64bit', 'python': '3.11.0', 'heartbeatAt': '2024-02-29T13:15:01.836896', 'startedAt': '2024-02-29T13:15:01.312019', 'docker': None, 'cuda': None, 'args': ('--batch_size=64', '--fold=fold_0', '--transform=random_crop'), 'state': 'running', 'program': '/Users/volodimir/Desktop/Bachelor/CrossValidation/training.py', 'codePathLocal': 'training.py', 'codePath': 'CrossValidation/training.py', 'git': {'remote': 'https://github.com/Asthera/Bachelor.git', 'commit': 'f25d6911ad1e6e381c0231d91e896b0eb8ed803b'}, 'email': 'h', 'root': '/Users/volodimir/Desktop/Bachelor', 'host': 'ip-156-063.wifi.tuke.sk', 'username': 'volodimir', 'executable': '/Users/volodimir/anaconda3/envs/Global/bin/python', 'cpu_count': 8, 'cpu_count_logical': 8, 'disk': {'/': {'total': 228.27386474609375, 'used': 223.43875885009766}}, 'gpuapple': {'type': 'arm', 'vendor': 'Apple'}, 'memory': {'total': 16.0}}
2024-02-29 14:15:01,855 INFO    HandlerThread:7638 [system_monitor.py:probe():224] Finished collecting system info
2024-02-29 14:15:01,855 INFO    HandlerThread:7638 [system_monitor.py:probe():227] Publishing system info
2024-02-29 14:15:01,855 DEBUG   HandlerThread:7638 [system_info.py:_save_conda():208] Saving list of conda packages installed into the current environment
2024-02-29 14:15:02,752 INFO    Thread-12 :7638 [dir_watcher.py:_on_file_created():271] file/dir created: /Users/volodimir/Desktop/Bachelor/CrossValidation/wandb/run-20240229_141501-4wbkmjti/files/conda-environment.yaml
2024-02-29 14:15:04,642 DEBUG   HandlerThread:7638 [system_info.py:_save_conda():220] Saving conda packages done
2024-02-29 14:15:04,643 INFO    HandlerThread:7638 [system_monitor.py:probe():229] Finished publishing system info
2024-02-29 14:15:04,645 DEBUG   SenderThread:7638 [sender.py:send():382] send: files
2024-02-29 14:15:04,645 INFO    SenderThread:7638 [sender.py:_save_file():1403] saving file wandb-metadata.json with policy now
2024-02-29 14:15:04,649 DEBUG   HandlerThread:7638 [handler.py:handle_request():146] handle_request: python_packages
2024-02-29 14:15:04,649 DEBUG   SenderThread:7638 [sender.py:send_request():409] send_request: python_packages
2024-02-29 14:15:04,650 DEBUG   HandlerThread:7638 [handler.py:handle_request():146] handle_request: stop_status
2024-02-29 14:15:04,650 DEBUG   SenderThread:7638 [sender.py:send_request():409] send_request: stop_status
2024-02-29 14:15:04,651 DEBUG   HandlerThread:7638 [handler.py:handle_request():146] handle_request: internal_messages
2024-02-29 14:15:04,755 INFO    Thread-12 :7638 [dir_watcher.py:_on_file_modified():288] file/dir modified: /Users/volodimir/Desktop/Bachelor/CrossValidation/wandb/run-20240229_141501-4wbkmjti/files/conda-environment.yaml
2024-02-29 14:15:04,755 INFO    Thread-12 :7638 [dir_watcher.py:_on_file_created():271] file/dir created: /Users/volodimir/Desktop/Bachelor/CrossValidation/wandb/run-20240229_141501-4wbkmjti/files/requirements.txt
2024-02-29 14:15:04,755 INFO    Thread-12 :7638 [dir_watcher.py:_on_file_created():271] file/dir created: /Users/volodimir/Desktop/Bachelor/CrossValidation/wandb/run-20240229_141501-4wbkmjti/files/wandb-metadata.json
2024-02-29 14:15:04,907 DEBUG   SenderThread:7638 [sender.py:send():382] send: telemetry
2024-02-29 14:15:04,907 DEBUG   SenderThread:7638 [sender.py:send():382] send: telemetry
2024-02-29 14:15:04,907 DEBUG   SenderThread:7638 [sender.py:send():382] send: run
2024-02-29 14:15:05,081 INFO    SenderThread:7638 [sender.py:send_run():1010] updated run: 4wbkmjti
2024-02-29 14:15:05,293 INFO    wandb-upload_0:7638 [upload_job.py:push():131] Uploaded file /var/folders/r9/fn8812cd1czdjdytwc97q1h80000gn/T/tmpup1qlwmywandb/w0mcaouh-wandb-metadata.json
2024-02-29 14:15:05,760 INFO    Thread-12 :7638 [dir_watcher.py:_on_file_modified():288] file/dir modified: /Users/volodimir/Desktop/Bachelor/CrossValidation/wandb/run-20240229_141501-4wbkmjti/files/config.yaml
2024-02-29 14:15:07,088 DEBUG   HandlerThread:7638 [handler.py:handle_request():146] handle_request: status_report
2024-02-29 14:15:11,726 DEBUG   HandlerThread:7638 [handler.py:handle_request():146] handle_request: partial_history
2024-02-29 14:15:11,727 DEBUG   SenderThread:7638 [sender.py:send():382] send: history
2024-02-29 14:15:11,727 DEBUG   SenderThread:7638 [sender.py:send_request():409] send_request: summary_record
2024-02-29 14:15:11,728 INFO    SenderThread:7638 [sender.py:_save_file():1403] saving file wandb-summary.json with policy end
2024-02-29 14:15:11,786 INFO    Thread-12 :7638 [dir_watcher.py:_on_file_created():271] file/dir created: /Users/volodimir/Desktop/Bachelor/CrossValidation/wandb/run-20240229_141501-4wbkmjti/files/output.log
2024-02-29 14:15:11,786 INFO    Thread-12 :7638 [dir_watcher.py:_on_file_created():271] file/dir created: /Users/volodimir/Desktop/Bachelor/CrossValidation/wandb/run-20240229_141501-4wbkmjti/files/wandb-summary.json
2024-02-29 14:15:12,729 DEBUG   HandlerThread:7638 [handler.py:handle_request():146] handle_request: status_report
2024-02-29 14:15:13,788 INFO    Thread-12 :7638 [dir_watcher.py:_on_file_modified():288] file/dir modified: /Users/volodimir/Desktop/Bachelor/CrossValidation/wandb/run-20240229_141501-4wbkmjti/files/output.log
2024-02-29 14:15:16,137 DEBUG   HandlerThread:7638 [handler.py:handle_request():146] handle_request: partial_history
2024-02-29 14:15:16,138 DEBUG   SenderThread:7638 [sender.py:send():382] send: history
2024-02-29 14:15:16,139 DEBUG   SenderThread:7638 [sender.py:send_request():409] send_request: summary_record
2024-02-29 14:15:16,140 INFO    SenderThread:7638 [sender.py:_save_file():1403] saving file wandb-summary.json with policy end
2024-02-29 14:15:16,798 INFO    Thread-12 :7638 [dir_watcher.py:_on_file_modified():288] file/dir modified: /Users/volodimir/Desktop/Bachelor/CrossValidation/wandb/run-20240229_141501-4wbkmjti/files/wandb-summary.json
2024-02-29 14:15:17,805 INFO    Thread-12 :7638 [dir_watcher.py:_on_file_modified():288] file/dir modified: /Users/volodimir/Desktop/Bachelor/CrossValidation/wandb/run-20240229_141501-4wbkmjti/files/output.log
2024-02-29 14:15:18,152 DEBUG   HandlerThread:7638 [handler.py:handle_request():146] handle_request: status_report
2024-02-29 14:15:19,657 DEBUG   HandlerThread:7638 [handler.py:handle_request():146] handle_request: stop_status
2024-02-29 14:15:19,660 DEBUG   HandlerThread:7638 [handler.py:handle_request():146] handle_request: internal_messages
2024-02-29 14:15:19,663 DEBUG   SenderThread:7638 [sender.py:send_request():409] send_request: stop_status
2024-02-29 14:15:21,180 DEBUG   HandlerThread:7638 [handler.py:handle_request():146] handle_request: partial_history
2024-02-29 14:15:21,181 DEBUG   SenderThread:7638 [sender.py:send():382] send: history
2024-02-29 14:15:21,181 DEBUG   SenderThread:7638 [sender.py:send_request():409] send_request: summary_record
2024-02-29 14:15:21,182 INFO    SenderThread:7638 [sender.py:_save_file():1403] saving file wandb-summary.json with policy end
2024-02-29 14:15:21,827 INFO    Thread-12 :7638 [dir_watcher.py:_on_file_modified():288] file/dir modified: /Users/volodimir/Desktop/Bachelor/CrossValidation/wandb/run-20240229_141501-4wbkmjti/files/output.log
2024-02-29 14:15:21,827 INFO    Thread-12 :7638 [dir_watcher.py:_on_file_modified():288] file/dir modified: /Users/volodimir/Desktop/Bachelor/CrossValidation/wandb/run-20240229_141501-4wbkmjti/files/wandb-summary.json
2024-02-29 14:15:23,185 DEBUG   HandlerThread:7638 [handler.py:handle_request():146] handle_request: status_report
2024-02-29 14:15:23,839 INFO    Thread-12 :7638 [dir_watcher.py:_on_file_modified():288] file/dir modified: /Users/volodimir/Desktop/Bachelor/CrossValidation/wandb/run-20240229_141501-4wbkmjti/files/output.log
2024-02-29 14:15:26,160 DEBUG   HandlerThread:7638 [handler.py:handle_request():146] handle_request: partial_history
2024-02-29 14:15:26,161 DEBUG   SenderThread:7638 [sender.py:send():382] send: history
2024-02-29 14:15:26,161 DEBUG   SenderThread:7638 [sender.py:send_request():409] send_request: summary_record
2024-02-29 14:15:26,161 INFO    SenderThread:7638 [sender.py:_save_file():1403] saving file wandb-summary.json with policy end
2024-02-29 14:15:26,852 INFO    Thread-12 :7638 [dir_watcher.py:_on_file_modified():288] file/dir modified: /Users/volodimir/Desktop/Bachelor/CrossValidation/wandb/run-20240229_141501-4wbkmjti/files/wandb-summary.json
2024-02-29 14:15:27,857 INFO    Thread-12 :7638 [dir_watcher.py:_on_file_modified():288] file/dir modified: /Users/volodimir/Desktop/Bachelor/CrossValidation/wandb/run-20240229_141501-4wbkmjti/files/output.log
2024-02-29 14:15:29,174 DEBUG   HandlerThread:7638 [handler.py:handle_request():146] handle_request: status_report
2024-02-29 14:15:31,229 DEBUG   HandlerThread:7638 [handler.py:handle_request():146] handle_request: partial_history
2024-02-29 14:15:31,231 DEBUG   SenderThread:7638 [sender.py:send():382] send: history
2024-02-29 14:15:31,231 DEBUG   SenderThread:7638 [sender.py:send_request():409] send_request: summary_record
2024-02-29 14:15:31,232 INFO    SenderThread:7638 [sender.py:_save_file():1403] saving file wandb-summary.json with policy end
2024-02-29 14:15:31,872 INFO    Thread-12 :7638 [dir_watcher.py:_on_file_modified():288] file/dir modified: /Users/volodimir/Desktop/Bachelor/CrossValidation/wandb/run-20240229_141501-4wbkmjti/files/output.log
2024-02-29 14:15:31,872 INFO    Thread-12 :7638 [dir_watcher.py:_on_file_modified():288] file/dir modified: /Users/volodimir/Desktop/Bachelor/CrossValidation/wandb/run-20240229_141501-4wbkmjti/files/wandb-summary.json
2024-02-29 14:15:34,246 DEBUG   HandlerThread:7638 [handler.py:handle_request():146] handle_request: status_report
2024-02-29 14:15:34,684 DEBUG   HandlerThread:7638 [handler.py:handle_request():146] handle_request: stop_status
2024-02-29 14:15:34,685 DEBUG   HandlerThread:7638 [handler.py:handle_request():146] handle_request: internal_messages
2024-02-29 14:15:34,706 DEBUG   SenderThread:7638 [sender.py:send_request():409] send_request: stop_status
2024-02-29 14:15:34,952 INFO    Thread-12 :7638 [dir_watcher.py:_on_file_modified():288] file/dir modified: /Users/volodimir/Desktop/Bachelor/CrossValidation/wandb/run-20240229_141501-4wbkmjti/files/config.yaml
2024-02-29 14:15:37,104 DEBUG   HandlerThread:7638 [handler.py:handle_request():146] handle_request: partial_history
2024-02-29 14:15:37,105 DEBUG   SenderThread:7638 [sender.py:send():382] send: history
2024-02-29 14:15:37,105 DEBUG   SenderThread:7638 [sender.py:send_request():409] send_request: summary_record
2024-02-29 14:15:37,107 INFO    SenderThread:7638 [sender.py:_save_file():1403] saving file wandb-summary.json with policy end
2024-02-29 14:15:37,935 INFO    Thread-12 :7638 [dir_watcher.py:_on_file_modified():288] file/dir modified: /Users/volodimir/Desktop/Bachelor/CrossValidation/wandb/run-20240229_141501-4wbkmjti/files/output.log
2024-02-29 14:15:37,936 INFO    Thread-12 :7638 [dir_watcher.py:_on_file_modified():288] file/dir modified: /Users/volodimir/Desktop/Bachelor/CrossValidation/wandb/run-20240229_141501-4wbkmjti/files/wandb-summary.json
2024-02-29 14:15:40,116 DEBUG   HandlerThread:7638 [handler.py:handle_request():146] handle_request: status_report
2024-02-29 14:15:43,516 DEBUG   HandlerThread:7638 [handler.py:handle_request():146] handle_request: partial_history
2024-02-29 14:15:43,517 DEBUG   SenderThread:7638 [sender.py:send():382] send: history
2024-02-29 14:15:43,518 DEBUG   SenderThread:7638 [sender.py:send_request():409] send_request: summary_record
2024-02-29 14:15:43,521 INFO    SenderThread:7638 [sender.py:_save_file():1403] saving file wandb-summary.json with policy end
2024-02-29 14:15:43,965 INFO    Thread-12 :7638 [dir_watcher.py:_on_file_modified():288] file/dir modified: /Users/volodimir/Desktop/Bachelor/CrossValidation/wandb/run-20240229_141501-4wbkmjti/files/wandb-summary.json
2024-02-29 14:15:45,526 DEBUG   HandlerThread:7638 [handler.py:handle_request():146] handle_request: status_report
2024-02-29 14:15:45,969 INFO    Thread-12 :7638 [dir_watcher.py:_on_file_modified():288] file/dir modified: /Users/volodimir/Desktop/Bachelor/CrossValidation/wandb/run-20240229_141501-4wbkmjti/files/output.log
2024-02-29 14:15:48,064 DEBUG   HandlerThread:7638 [handler.py:handle_request():146] handle_request: partial_history
2024-02-29 14:15:48,067 DEBUG   SenderThread:7638 [sender.py:send():382] send: history
2024-02-29 14:15:48,067 DEBUG   SenderThread:7638 [sender.py:send_request():409] send_request: summary_record
2024-02-29 14:15:48,068 INFO    SenderThread:7638 [sender.py:_save_file():1403] saving file wandb-summary.json with policy end
2024-02-29 14:15:49,051 INFO    Thread-12 :7638 [dir_watcher.py:_on_file_modified():288] file/dir modified: /Users/volodimir/Desktop/Bachelor/CrossValidation/wandb/run-20240229_141501-4wbkmjti/files/wandb-summary.json
2024-02-29 14:15:49,670 DEBUG   HandlerThread:7638 [handler.py:handle_request():146] handle_request: stop_status
2024-02-29 14:15:49,671 DEBUG   SenderThread:7638 [sender.py:send_request():409] send_request: stop_status
2024-02-29 14:15:49,675 DEBUG   HandlerThread:7638 [handler.py:handle_request():146] handle_request: internal_messages
2024-02-29 14:15:50,054 INFO    Thread-12 :7638 [dir_watcher.py:_on_file_modified():288] file/dir modified: /Users/volodimir/Desktop/Bachelor/CrossValidation/wandb/run-20240229_141501-4wbkmjti/files/output.log
2024-02-29 14:15:51,005 DEBUG   HandlerThread:7638 [handler.py:handle_request():146] handle_request: status_report
2024-02-29 14:15:52,492 DEBUG   HandlerThread:7638 [handler.py:handle_request():146] handle_request: partial_history
2024-02-29 14:15:52,492 DEBUG   SenderThread:7638 [sender.py:send():382] send: history
2024-02-29 14:15:52,492 DEBUG   SenderThread:7638 [sender.py:send_request():409] send_request: summary_record
2024-02-29 14:15:52,493 INFO    SenderThread:7638 [sender.py:_save_file():1403] saving file wandb-summary.json with policy end
2024-02-29 14:15:53,072 INFO    Thread-12 :7638 [dir_watcher.py:_on_file_modified():288] file/dir modified: /Users/volodimir/Desktop/Bachelor/CrossValidation/wandb/run-20240229_141501-4wbkmjti/files/wandb-summary.json
2024-02-29 14:15:54,081 INFO    Thread-12 :7638 [dir_watcher.py:_on_file_modified():288] file/dir modified: /Users/volodimir/Desktop/Bachelor/CrossValidation/wandb/run-20240229_141501-4wbkmjti/files/output.log
2024-02-29 14:16:49,214 DEBUG   HandlerThread:7638 [handler.py:handle_request():146] handle_request: partial_history
2024-02-29 14:16:49,215 DEBUG   SenderThread:7638 [sender.py:send():382] send: history
2024-02-29 14:16:49,215 DEBUG   SenderThread:7638 [sender.py:send_request():409] send_request: summary_record
2024-02-29 14:16:49,215 INFO    SenderThread:7638 [sender.py:_save_file():1403] saving file wandb-summary.json with policy end
2024-02-29 14:16:49,656 INFO    Thread-12 :7638 [dir_watcher.py:_on_file_modified():288] file/dir modified: /Users/volodimir/Desktop/Bachelor/CrossValidation/wandb/run-20240229_141501-4wbkmjti/files/wandb-summary.json
2024-02-29 14:16:50,667 INFO    Thread-12 :7638 [dir_watcher.py:_on_file_modified():288] file/dir modified: /Users/volodimir/Desktop/Bachelor/CrossValidation/wandb/run-20240229_141501-4wbkmjti/files/output.log
2024-02-29 14:16:53,041 DEBUG   HandlerThread:7638 [handler.py:handle_request():146] handle_request: status_report
2024-02-29 14:16:53,042 DEBUG   HandlerThread:7638 [handler.py:handle_request():146] handle_request: partial_history
2024-02-29 14:16:53,043 DEBUG   SenderThread:7638 [sender.py:send():382] send: history
2024-02-29 14:16:53,043 DEBUG   SenderThread:7638 [sender.py:send_request():409] send_request: summary_record
2024-02-29 14:16:53,043 INFO    SenderThread:7638 [sender.py:_save_file():1403] saving file wandb-summary.json with policy end
2024-02-29 14:16:53,690 INFO    Thread-12 :7638 [dir_watcher.py:_on_file_modified():288] file/dir modified: /Users/volodimir/Desktop/Bachelor/CrossValidation/wandb/run-20240229_141501-4wbkmjti/files/wandb-summary.json
2024-02-29 14:16:54,263 DEBUG   SystemMonitor:7638 [system_monitor.py:_start():172] Starting system metrics aggregation loop
2024-02-29 14:16:54,264 DEBUG   SenderThread:7638 [sender.py:send():382] send: telemetry
2024-02-29 14:16:54,264 DEBUG   SenderThread:7638 [sender.py:send():382] send: stats
2024-02-29 14:16:54,699 INFO    Thread-12 :7638 [dir_watcher.py:_on_file_modified():288] file/dir modified: /Users/volodimir/Desktop/Bachelor/CrossValidation/wandb/run-20240229_141501-4wbkmjti/files/output.log
2024-02-29 14:16:57,091 DEBUG   HandlerThread:7638 [handler.py:handle_request():146] handle_request: stop_status
2024-02-29 14:16:57,092 DEBUG   SenderThread:7638 [sender.py:send_request():409] send_request: stop_status
2024-02-29 14:16:57,102 DEBUG   HandlerThread:7638 [handler.py:handle_request():146] handle_request: internal_messages
2024-02-29 14:16:58,911 DEBUG   HandlerThread:7638 [handler.py:handle_request():146] handle_request: status_report
2024-02-29 14:16:59,208 DEBUG   HandlerThread:7638 [handler.py:handle_request():146] handle_request: partial_history
2024-02-29 14:17:02,988 DEBUG   HandlerThread:7638 [handler.py:handle_request():146] handle_request: partial_history
2024-02-29 14:17:12,096 DEBUG   HandlerThread:7638 [handler.py:handle_request():146] handle_request: stop_status
2024-02-29 14:17:12,108 DEBUG   HandlerThread:7638 [handler.py:handle_request():146] handle_request: internal_messages
2024-02-29 14:17:17,118 DEBUG   HandlerThread:7638 [handler.py:handle_request():146] handle_request: keepalive
2024-02-29 14:17:22,146 DEBUG   HandlerThread:7638 [handler.py:handle_request():146] handle_request: keepalive
2024-02-29 14:17:22,407 INFO    SenderThread:7638 [retry.py:__call__():172] Retry attempt failed:
Traceback (most recent call last):
  File "/Users/volodimir/anaconda3/envs/Global/lib/python3.11/site-packages/urllib3/connection.py", line 203, in _new_conn
    sock = connection.create_connection(
           ^^^^^^^^^^^^^^^^^^^^^^^^^^^^^
  File "/Users/volodimir/anaconda3/envs/Global/lib/python3.11/site-packages/urllib3/util/connection.py", line 60, in create_connection
    for res in socket.getaddrinfo(host, port, family, socket.SOCK_STREAM):
               ^^^^^^^^^^^^^^^^^^^^^^^^^^^^^^^^^^^^^^^^^^^^^^^^^^^^^^^^^^
  File "/Users/volodimir/anaconda3/envs/Global/lib/python3.11/socket.py", line 961, in getaddrinfo
    for res in _socket.getaddrinfo(host, port, family, type, proto, flags):
               ^^^^^^^^^^^^^^^^^^^^^^^^^^^^^^^^^^^^^^^^^^^^^^^^^^^^^^^^^^^
socket.gaierror: [Errno 8] nodename nor servname provided, or not known

The above exception was the direct cause of the following exception:

Traceback (most recent call last):
  File "/Users/volodimir/anaconda3/envs/Global/lib/python3.11/site-packages/urllib3/connectionpool.py", line 790, in urlopen
    response = self._make_request(
               ^^^^^^^^^^^^^^^^^^^
  File "/Users/volodimir/anaconda3/envs/Global/lib/python3.11/site-packages/urllib3/connectionpool.py", line 491, in _make_request
    raise new_e
  File "/Users/volodimir/anaconda3/envs/Global/lib/python3.11/site-packages/urllib3/connectionpool.py", line 467, in _make_request
    self._validate_conn(conn)
  File "/Users/volodimir/anaconda3/envs/Global/lib/python3.11/site-packages/urllib3/connectionpool.py", line 1096, in _validate_conn
    conn.connect()
  File "/Users/volodimir/anaconda3/envs/Global/lib/python3.11/site-packages/urllib3/connection.py", line 611, in connect
    self.sock = sock = self._new_conn()
                       ^^^^^^^^^^^^^^^^
  File "/Users/volodimir/anaconda3/envs/Global/lib/python3.11/site-packages/urllib3/connection.py", line 210, in _new_conn
    raise NameResolutionError(self.host, self, e) from e
urllib3.exceptions.NameResolutionError: <urllib3.connection.HTTPSConnection object at 0x11b5e42d0>: Failed to resolve 'api.wandb.ai' ([Errno 8] nodename nor servname provided, or not known)

The above exception was the direct cause of the following exception:

Traceback (most recent call last):
  File "/Users/volodimir/anaconda3/envs/Global/lib/python3.11/site-packages/requests/adapters.py", line 486, in send
    resp = conn.urlopen(
           ^^^^^^^^^^^^^
  File "/Users/volodimir/anaconda3/envs/Global/lib/python3.11/site-packages/urllib3/connectionpool.py", line 844, in urlopen
    retries = retries.increment(
              ^^^^^^^^^^^^^^^^^^
  File "/Users/volodimir/anaconda3/envs/Global/lib/python3.11/site-packages/urllib3/util/retry.py", line 515, in increment
    raise MaxRetryError(_pool, url, reason) from reason  # type: ignore[arg-type]
    ^^^^^^^^^^^^^^^^^^^^^^^^^^^^^^^^^^^^^^^^^^^^^^^^^^^
urllib3.exceptions.MaxRetryError: HTTPSConnectionPool(host='api.wandb.ai', port=443): Max retries exceeded with url: /graphql (Caused by NameResolutionError("<urllib3.connection.HTTPSConnection object at 0x11b5e42d0>: Failed to resolve 'api.wandb.ai' ([Errno 8] nodename nor servname provided, or not known)"))

During handling of the above exception, another exception occurred:

Traceback (most recent call last):
  File "/Users/volodimir/anaconda3/envs/Global/lib/python3.11/site-packages/wandb/sdk/lib/retry.py", line 131, in __call__
    result = self._call_fn(*args, **kwargs)
             ^^^^^^^^^^^^^^^^^^^^^^^^^^^^^^
  File "/Users/volodimir/anaconda3/envs/Global/lib/python3.11/site-packages/wandb/sdk/internal/internal_api.py", line 369, in execute
    return self.client.execute(*args, **kwargs)  # type: ignore
           ^^^^^^^^^^^^^^^^^^^^^^^^^^^^^^^^^^^^
  File "/Users/volodimir/anaconda3/envs/Global/lib/python3.11/site-packages/wandb/vendor/gql-0.2.0/wandb_gql/client.py", line 52, in execute
    result = self._get_result(document, *args, **kwargs)
             ^^^^^^^^^^^^^^^^^^^^^^^^^^^^^^^^^^^^^^^^^^^
  File "/Users/volodimir/anaconda3/envs/Global/lib/python3.11/site-packages/wandb/vendor/gql-0.2.0/wandb_gql/client.py", line 60, in _get_result
    return self.transport.execute(document, *args, **kwargs)
           ^^^^^^^^^^^^^^^^^^^^^^^^^^^^^^^^^^^^^^^^^^^^^^^^^
  File "/Users/volodimir/anaconda3/envs/Global/lib/python3.11/site-packages/wandb/sdk/lib/gql_request.py", line 58, in execute
    request = self.session.post(self.url, **post_args)
              ^^^^^^^^^^^^^^^^^^^^^^^^^^^^^^^^^^^^^^^^
  File "/Users/volodimir/anaconda3/envs/Global/lib/python3.11/site-packages/requests/sessions.py", line 637, in post
    return self.request("POST", url, data=data, json=json, **kwargs)
           ^^^^^^^^^^^^^^^^^^^^^^^^^^^^^^^^^^^^^^^^^^^^^^^^^^^^^^^^^
  File "/Users/volodimir/anaconda3/envs/Global/lib/python3.11/site-packages/requests/sessions.py", line 589, in request
    resp = self.send(prep, **send_kwargs)
           ^^^^^^^^^^^^^^^^^^^^^^^^^^^^^^
  File "/Users/volodimir/anaconda3/envs/Global/lib/python3.11/site-packages/requests/sessions.py", line 703, in send
    r = adapter.send(request, **kwargs)
        ^^^^^^^^^^^^^^^^^^^^^^^^^^^^^^^
  File "/Users/volodimir/anaconda3/envs/Global/lib/python3.11/site-packages/requests/adapters.py", line 519, in send
    raise ConnectionError(e, request=request)
requests.exceptions.ConnectionError: HTTPSConnectionPool(host='api.wandb.ai', port=443): Max retries exceeded with url: /graphql (Caused by NameResolutionError("<urllib3.connection.HTTPSConnection object at 0x11b5e42d0>: Failed to resolve 'api.wandb.ai' ([Errno 8] nodename nor servname provided, or not known)"))
2024-02-29 14:17:24,624 DEBUG   HandlerThread:7638 [handler.py:handle_request():146] handle_request: log_artifact
2024-02-29 14:17:24,843 INFO    Thread-12 :7638 [dir_watcher.py:_on_file_created():271] file/dir created: /Users/volodimir/Desktop/Bachelor/CrossValidation/wandb/run-20240229_141501-4wbkmjti/files/media/table/confusion_matrix_table_13_a2ff9039ac5564057048.table.json
2024-02-29 14:17:24,843 INFO    Thread-12 :7638 [dir_watcher.py:_on_file_created():271] file/dir created: /Users/volodimir/Desktop/Bachelor/CrossValidation/wandb/run-20240229_141501-4wbkmjti/files/media
2024-02-29 14:17:24,843 INFO    Thread-12 :7638 [dir_watcher.py:_on_file_created():271] file/dir created: /Users/volodimir/Desktop/Bachelor/CrossValidation/wandb/run-20240229_141501-4wbkmjti/files/media/table
2024-02-29 14:17:26,762 INFO    SenderThread:7638 [retry.py:__call__():172] Retry attempt failed:
Traceback (most recent call last):
  File "/Users/volodimir/anaconda3/envs/Global/lib/python3.11/site-packages/urllib3/connection.py", line 203, in _new_conn
    sock = connection.create_connection(
           ^^^^^^^^^^^^^^^^^^^^^^^^^^^^^
  File "/Users/volodimir/anaconda3/envs/Global/lib/python3.11/site-packages/urllib3/util/connection.py", line 60, in create_connection
    for res in socket.getaddrinfo(host, port, family, socket.SOCK_STREAM):
               ^^^^^^^^^^^^^^^^^^^^^^^^^^^^^^^^^^^^^^^^^^^^^^^^^^^^^^^^^^
  File "/Users/volodimir/anaconda3/envs/Global/lib/python3.11/socket.py", line 961, in getaddrinfo
    for res in _socket.getaddrinfo(host, port, family, type, proto, flags):
               ^^^^^^^^^^^^^^^^^^^^^^^^^^^^^^^^^^^^^^^^^^^^^^^^^^^^^^^^^^^
socket.gaierror: [Errno 8] nodename nor servname provided, or not known

The above exception was the direct cause of the following exception:

Traceback (most recent call last):
  File "/Users/volodimir/anaconda3/envs/Global/lib/python3.11/site-packages/urllib3/connectionpool.py", line 790, in urlopen
    response = self._make_request(
               ^^^^^^^^^^^^^^^^^^^
  File "/Users/volodimir/anaconda3/envs/Global/lib/python3.11/site-packages/urllib3/connectionpool.py", line 491, in _make_request
    raise new_e
  File "/Users/volodimir/anaconda3/envs/Global/lib/python3.11/site-packages/urllib3/connectionpool.py", line 467, in _make_request
    self._validate_conn(conn)
  File "/Users/volodimir/anaconda3/envs/Global/lib/python3.11/site-packages/urllib3/connectionpool.py", line 1096, in _validate_conn
    conn.connect()
  File "/Users/volodimir/anaconda3/envs/Global/lib/python3.11/site-packages/urllib3/connection.py", line 611, in connect
    self.sock = sock = self._new_conn()
                       ^^^^^^^^^^^^^^^^
  File "/Users/volodimir/anaconda3/envs/Global/lib/python3.11/site-packages/urllib3/connection.py", line 210, in _new_conn
    raise NameResolutionError(self.host, self, e) from e
urllib3.exceptions.NameResolutionError: <urllib3.connection.HTTPSConnection object at 0x11b6a68d0>: Failed to resolve 'api.wandb.ai' ([Errno 8] nodename nor servname provided, or not known)

The above exception was the direct cause of the following exception:

Traceback (most recent call last):
  File "/Users/volodimir/anaconda3/envs/Global/lib/python3.11/site-packages/requests/adapters.py", line 486, in send
    resp = conn.urlopen(
           ^^^^^^^^^^^^^
  File "/Users/volodimir/anaconda3/envs/Global/lib/python3.11/site-packages/urllib3/connectionpool.py", line 844, in urlopen
    retries = retries.increment(
              ^^^^^^^^^^^^^^^^^^
  File "/Users/volodimir/anaconda3/envs/Global/lib/python3.11/site-packages/urllib3/util/retry.py", line 515, in increment
    raise MaxRetryError(_pool, url, reason) from reason  # type: ignore[arg-type]
    ^^^^^^^^^^^^^^^^^^^^^^^^^^^^^^^^^^^^^^^^^^^^^^^^^^^
urllib3.exceptions.MaxRetryError: HTTPSConnectionPool(host='api.wandb.ai', port=443): Max retries exceeded with url: /graphql (Caused by NameResolutionError("<urllib3.connection.HTTPSConnection object at 0x11b6a68d0>: Failed to resolve 'api.wandb.ai' ([Errno 8] nodename nor servname provided, or not known)"))

During handling of the above exception, another exception occurred:

Traceback (most recent call last):
  File "/Users/volodimir/anaconda3/envs/Global/lib/python3.11/site-packages/wandb/sdk/lib/retry.py", line 131, in __call__
    result = self._call_fn(*args, **kwargs)
             ^^^^^^^^^^^^^^^^^^^^^^^^^^^^^^
  File "/Users/volodimir/anaconda3/envs/Global/lib/python3.11/site-packages/wandb/sdk/internal/internal_api.py", line 369, in execute
    return self.client.execute(*args, **kwargs)  # type: ignore
           ^^^^^^^^^^^^^^^^^^^^^^^^^^^^^^^^^^^^
  File "/Users/volodimir/anaconda3/envs/Global/lib/python3.11/site-packages/wandb/vendor/gql-0.2.0/wandb_gql/client.py", line 52, in execute
    result = self._get_result(document, *args, **kwargs)
             ^^^^^^^^^^^^^^^^^^^^^^^^^^^^^^^^^^^^^^^^^^^
  File "/Users/volodimir/anaconda3/envs/Global/lib/python3.11/site-packages/wandb/vendor/gql-0.2.0/wandb_gql/client.py", line 60, in _get_result
    return self.transport.execute(document, *args, **kwargs)
           ^^^^^^^^^^^^^^^^^^^^^^^^^^^^^^^^^^^^^^^^^^^^^^^^^
  File "/Users/volodimir/anaconda3/envs/Global/lib/python3.11/site-packages/wandb/sdk/lib/gql_request.py", line 58, in execute
    request = self.session.post(self.url, **post_args)
              ^^^^^^^^^^^^^^^^^^^^^^^^^^^^^^^^^^^^^^^^
  File "/Users/volodimir/anaconda3/envs/Global/lib/python3.11/site-packages/requests/sessions.py", line 637, in post
    return self.request("POST", url, data=data, json=json, **kwargs)
           ^^^^^^^^^^^^^^^^^^^^^^^^^^^^^^^^^^^^^^^^^^^^^^^^^^^^^^^^^
  File "/Users/volodimir/anaconda3/envs/Global/lib/python3.11/site-packages/requests/sessions.py", line 589, in request
    resp = self.send(prep, **send_kwargs)
           ^^^^^^^^^^^^^^^^^^^^^^^^^^^^^^
  File "/Users/volodimir/anaconda3/envs/Global/lib/python3.11/site-packages/requests/sessions.py", line 703, in send
    r = adapter.send(request, **kwargs)
        ^^^^^^^^^^^^^^^^^^^^^^^^^^^^^^^
  File "/Users/volodimir/anaconda3/envs/Global/lib/python3.11/site-packages/requests/adapters.py", line 519, in send
    raise ConnectionError(e, request=request)
requests.exceptions.ConnectionError: HTTPSConnectionPool(host='api.wandb.ai', port=443): Max retries exceeded with url: /graphql (Caused by NameResolutionError("<urllib3.connection.HTTPSConnection object at 0x11b6a68d0>: Failed to resolve 'api.wandb.ai' ([Errno 8] nodename nor servname provided, or not known)"))
2024-02-29 14:17:27,119 DEBUG   HandlerThread:7638 [handler.py:handle_request():146] handle_request: internal_messages
2024-02-29 14:17:31,984 WARNING FileStreamThread:7638 [file_stream.py:request_with_retry():668] requests_with_retry encountered retryable exception: ('Connection aborted.', RemoteDisconnected('Remote end closed connection without response')). func: functools.partial(<bound method Session.post of <requests.sessions.Session object at 0x105ccc5d0>>, timeout=180.0), args: ('https://api.wandb.ai/files/daswoldemar/bachelor-test/4wbkmjti/file_stream',), kwargs: {'json': {'files': {'wandb-summary.json': {'offset': 0, 'content': ['{"val_loss": 0.08596303277590778, "val_precision": 1.0, "val_recall": 0.8518518518518519, "val_f1": 0.92, "val_balanced_acc": 0.9259259259259259, "_timestamp": 1709212552.491833, "_runtime": 51.17480397224426, "_step": 8}']}, 'output.log': {'offset': 20, 'content': ['2024-02-29T13:15:53.913579 [0, 1, 1, 1, 0, 1, 0, 0, 0, 0, 0, 0, 1, 0, 1, 0, 0, 0, 1, 0, 1, 1, 0, 0, 1, 1, 0, 0, 1, 0, 1, 0, 1, 0, 1, 0, 1, 1, 0, 1, 1, 1, 1, 0, 0, 0, 0, 1, 0, 1, 0, 1, 0, 0, 1, 0, 0, 1, 0, 0, 0, 0, 0, 1, 0, 0, 0, 0, 0, 0, 0, 0, 0, 0, 0, 0, 0]\n', '2024-02-29T13:15:53.913579 [0, 1, 1, 1, 0, 1, 0, 0, 0, 0, 0, 0, 1, 0, 1, 0, 0, 0, 0, 0, 1, 0, 0, 0, 1, 1, 0, 0, 0, 0, 1, 0, 1, 0, 1, 0, 1, 1, 0, 1, 1, 1, 1, 0, 0, 0, 0, 1, 0, 1, 0, 0, 0, 0, 1, 0, 0, 1, 0, 0, 0, 0, 0, 1, 0, 0, 0, 0, 0, 0, 0, 0, 0, 0, 0, 0, 0]\n']}}, 'dropped': 0}}
2024-02-29 14:17:32,188 DEBUG   HandlerThread:7638 [handler.py:handle_request():146] handle_request: keepalive
2024-02-29 14:17:34,096 WARNING FileStreamThread:7638 [file_stream.py:request_with_retry():668] requests_with_retry encountered retryable exception: HTTPSConnectionPool(host='api.wandb.ai', port=443): Max retries exceeded with url: /files/daswoldemar/bachelor-test/4wbkmjti/file_stream (Caused by NameResolutionError("<urllib3.connection.HTTPSConnection object at 0x11b6bdb10>: Failed to resolve 'api.wandb.ai' ([Errno 8] nodename nor servname provided, or not known)")). func: functools.partial(<bound method Session.post of <requests.sessions.Session object at 0x105ccc5d0>>, timeout=180.0), args: ('https://api.wandb.ai/files/daswoldemar/bachelor-test/4wbkmjti/file_stream',), kwargs: {'json': {'files': {'wandb-summary.json': {'offset': 0, 'content': ['{"val_loss": 0.08596303277590778, "val_precision": 1.0, "val_recall": 0.8518518518518519, "val_f1": 0.92, "val_balanced_acc": 0.9259259259259259, "_timestamp": 1709212552.491833, "_runtime": 51.17480397224426, "_step": 8}']}, 'output.log': {'offset': 20, 'content': ['2024-02-29T13:15:53.913579 [0, 1, 1, 1, 0, 1, 0, 0, 0, 0, 0, 0, 1, 0, 1, 0, 0, 0, 1, 0, 1, 1, 0, 0, 1, 1, 0, 0, 1, 0, 1, 0, 1, 0, 1, 0, 1, 1, 0, 1, 1, 1, 1, 0, 0, 0, 0, 1, 0, 1, 0, 1, 0, 0, 1, 0, 0, 1, 0, 0, 0, 0, 0, 1, 0, 0, 0, 0, 0, 0, 0, 0, 0, 0, 0, 0, 0]\n', '2024-02-29T13:15:53.913579 [0, 1, 1, 1, 0, 1, 0, 0, 0, 0, 0, 0, 1, 0, 1, 0, 0, 0, 0, 0, 1, 0, 0, 0, 1, 1, 0, 0, 0, 0, 1, 0, 1, 0, 1, 0, 1, 1, 0, 1, 1, 1, 1, 0, 0, 0, 0, 1, 0, 1, 0, 0, 0, 0, 1, 0, 0, 1, 0, 0, 0, 0, 0, 1, 0, 0, 0, 0, 0, 0, 0, 0, 0, 0, 0, 0, 0]\n']}}, 'dropped': 0}}
2024-02-29 14:17:37,223 DEBUG   HandlerThread:7638 [handler.py:handle_request():146] handle_request: keepalive
2024-02-29 14:17:38,750 WARNING FileStreamThread:7638 [file_stream.py:request_with_retry():668] requests_with_retry encountered retryable exception: HTTPSConnectionPool(host='api.wandb.ai', port=443): Max retries exceeded with url: /files/daswoldemar/bachelor-test/4wbkmjti/file_stream (Caused by NameResolutionError("<urllib3.connection.HTTPSConnection object at 0x11b552350>: Failed to resolve 'api.wandb.ai' ([Errno 8] nodename nor servname provided, or not known)")). func: functools.partial(<bound method Session.post of <requests.sessions.Session object at 0x105ccc5d0>>, timeout=180.0), args: ('https://api.wandb.ai/files/daswoldemar/bachelor-test/4wbkmjti/file_stream',), kwargs: {'json': {'files': {'wandb-summary.json': {'offset': 0, 'content': ['{"val_loss": 0.08596303277590778, "val_precision": 1.0, "val_recall": 0.8518518518518519, "val_f1": 0.92, "val_balanced_acc": 0.9259259259259259, "_timestamp": 1709212552.491833, "_runtime": 51.17480397224426, "_step": 8}']}, 'output.log': {'offset': 20, 'content': ['2024-02-29T13:15:53.913579 [0, 1, 1, 1, 0, 1, 0, 0, 0, 0, 0, 0, 1, 0, 1, 0, 0, 0, 1, 0, 1, 1, 0, 0, 1, 1, 0, 0, 1, 0, 1, 0, 1, 0, 1, 0, 1, 1, 0, 1, 1, 1, 1, 0, 0, 0, 0, 1, 0, 1, 0, 1, 0, 0, 1, 0, 0, 1, 0, 0, 0, 0, 0, 1, 0, 0, 0, 0, 0, 0, 0, 0, 0, 0, 0, 0, 0]\n', '2024-02-29T13:15:53.913579 [0, 1, 1, 1, 0, 1, 0, 0, 0, 0, 0, 0, 1, 0, 1, 0, 0, 0, 0, 0, 1, 0, 0, 0, 1, 1, 0, 0, 0, 0, 1, 0, 1, 0, 1, 0, 1, 1, 0, 1, 1, 1, 1, 0, 0, 0, 0, 1, 0, 1, 0, 0, 0, 0, 1, 0, 0, 1, 0, 0, 0, 0, 0, 1, 0, 0, 0, 0, 0, 0, 0, 0, 0, 0, 0, 0, 0]\n']}}, 'dropped': 0}}
2024-02-29 14:18:22,137 DEBUG   HandlerThread:7638 [handler.py:handle_request():146] handle_request: internal_messages
2024-02-29 14:18:27,315 DEBUG   HandlerThread:7638 [handler.py:handle_request():146] handle_request: keepalive
2024-02-29 14:18:32,340 DEBUG   HandlerThread:7638 [handler.py:handle_request():146] handle_request: keepalive
2024-02-29 14:18:36,860 DEBUG   SenderThread:7638 [sender.py:send():382] send: history
2024-02-29 14:18:36,861 DEBUG   SenderThread:7638 [sender.py:send_request():409] send_request: summary_record
2024-02-29 14:18:36,862 INFO    SenderThread:7638 [sender.py:_save_file():1403] saving file wandb-summary.json with policy end
2024-02-29 14:18:36,864 DEBUG   SenderThread:7638 [sender.py:send():382] send: history
2024-02-29 14:18:36,865 DEBUG   SenderThread:7638 [sender.py:send_request():409] send_request: summary_record
2024-02-29 14:18:36,866 INFO    SenderThread:7638 [sender.py:_save_file():1403] saving file wandb-summary.json with policy end
2024-02-29 14:18:36,866 DEBUG   SenderThread:7638 [sender.py:send():382] send: config
2024-02-29 14:18:36,867 DEBUG   SenderThread:7638 [sender.py:send_request():409] send_request: stop_status
2024-02-29 14:18:37,097 DEBUG   SenderThread:7638 [sender.py:send():382] send: stats
2024-02-29 14:18:37,098 DEBUG   SenderThread:7638 [sender.py:send_request():409] send_request: log_artifact
2024-02-29 14:18:37,115 INFO    Thread-12 :7638 [dir_watcher.py:_on_file_modified():288] file/dir modified: /Users/volodimir/Desktop/Bachelor/CrossValidation/wandb/run-20240229_141501-4wbkmjti/files/config.yaml
2024-02-29 14:18:37,116 INFO    Thread-12 :7638 [dir_watcher.py:_on_file_modified():288] file/dir modified: /Users/volodimir/Desktop/Bachelor/CrossValidation/wandb/run-20240229_141501-4wbkmjti/files/wandb-summary.json
2024-02-29 14:18:37,154 DEBUG   HandlerThread:7638 [handler.py:handle_request():146] handle_request: internal_messages
2024-02-29 14:18:38,188 WARNING FileStreamThread:7638 [file_stream.py:request_with_retry():668] requests_with_retry encountered retryable exception: ('Connection aborted.', RemoteDisconnected('Remote end closed connection without response')). func: functools.partial(<bound method Session.post of <requests.sessions.Session object at 0x105ccc5d0>>, timeout=180.0), args: ('https://api.wandb.ai/files/daswoldemar/bachelor-test/4wbkmjti/file_stream',), kwargs: {'json': {'files': {'wandb-summary.json': {'offset': 0, 'content': ['{"val_loss": 0.08596303277590778, "val_precision": 1.0, "val_recall": 0.8518518518518519, "val_f1": 0.92, "val_balanced_acc": 0.9259259259259259, "_timestamp": 1709212552.491833, "_runtime": 51.17480397224426, "_step": 8}']}, 'output.log': {'offset': 20, 'content': ['2024-02-29T13:15:53.913579 [0, 1, 1, 1, 0, 1, 0, 0, 0, 0, 0, 0, 1, 0, 1, 0, 0, 0, 1, 0, 1, 1, 0, 0, 1, 1, 0, 0, 1, 0, 1, 0, 1, 0, 1, 0, 1, 1, 0, 1, 1, 1, 1, 0, 0, 0, 0, 1, 0, 1, 0, 1, 0, 0, 1, 0, 0, 1, 0, 0, 0, 0, 0, 1, 0, 0, 0, 0, 0, 0, 0, 0, 0, 0, 0, 0, 0]\n', '2024-02-29T13:15:53.913579 [0, 1, 1, 1, 0, 1, 0, 0, 0, 0, 0, 0, 1, 0, 1, 0, 0, 0, 0, 0, 1, 0, 0, 0, 1, 1, 0, 0, 0, 0, 1, 0, 1, 0, 1, 0, 1, 1, 0, 1, 1, 1, 1, 0, 0, 0, 0, 1, 0, 1, 0, 0, 0, 0, 1, 0, 0, 1, 0, 0, 0, 0, 0, 1, 0, 0, 0, 0, 0, 0, 0, 0, 0, 0, 0, 0, 0]\n']}}, 'dropped': 0}}
2024-02-29 14:18:38,286 INFO    SenderThread:7638 [sender.py:send_request_log_artifact():1470] logged artifact run-4wbkmjti-confusion_matrix_table - {'id': 'QXJ0aWZhY3Q6NzM1MzM4NTc4', 'state': 'PENDING', 'artifactSequence': {'id': 'QXJ0aWZhY3RDb2xsZWN0aW9uOjE0NDExMjUxOA==', 'latestArtifact': None}}
2024-02-29 14:18:38,286 DEBUG   SenderThread:7638 [sender.py:send():382] send: files
2024-02-29 14:18:38,287 INFO    SenderThread:7638 [sender.py:_save_file():1403] saving file media/table/confusion_matrix_table_13_a2ff9039ac5564057048.table.json with policy now
2024-02-29 14:18:38,290 DEBUG   SenderThread:7638 [sender.py:send():382] send: stats
2024-02-29 14:18:38,616 DEBUG   HandlerThread:7638 [handler.py:handle_request():146] handle_request: partial_history
2024-02-29 14:18:38,619 DEBUG   SenderThread:7638 [sender.py:send():382] send: history
2024-02-29 14:18:38,619 DEBUG   SenderThread:7638 [sender.py:send_request():409] send_request: summary_record
2024-02-29 14:18:38,620 INFO    SenderThread:7638 [sender.py:_save_file():1403] saving file wandb-summary.json with policy end
2024-02-29 14:18:38,621 DEBUG   SenderThread:7638 [sender.py:send():382] send: exit
2024-02-29 14:18:38,621 INFO    SenderThread:7638 [sender.py:send_exit():589] handling exit code: 0
2024-02-29 14:18:38,622 INFO    SenderThread:7638 [sender.py:send_exit():591] handling runtime: 216
2024-02-29 14:18:38,622 INFO    SenderThread:7638 [sender.py:_save_file():1403] saving file wandb-summary.json with policy end
2024-02-29 14:18:38,622 INFO    SenderThread:7638 [sender.py:send_exit():597] send defer
2024-02-29 14:18:38,623 DEBUG   HandlerThread:7638 [handler.py:handle_request():146] handle_request: defer
2024-02-29 14:18:38,623 INFO    HandlerThread:7638 [handler.py:handle_request_defer():172] handle defer: 0
2024-02-29 14:18:38,623 DEBUG   SenderThread:7638 [sender.py:send_request():409] send_request: defer
2024-02-29 14:18:38,623 INFO    SenderThread:7638 [sender.py:send_request_defer():613] handle sender defer: 0
2024-02-29 14:18:38,623 INFO    SenderThread:7638 [sender.py:transition_state():617] send defer: 1
2024-02-29 14:18:38,623 DEBUG   HandlerThread:7638 [handler.py:handle_request():146] handle_request: defer
2024-02-29 14:18:38,623 INFO    HandlerThread:7638 [handler.py:handle_request_defer():172] handle defer: 1
2024-02-29 14:18:38,624 DEBUG   SenderThread:7638 [sender.py:send_request():409] send_request: defer
2024-02-29 14:18:38,624 INFO    SenderThread:7638 [sender.py:send_request_defer():613] handle sender defer: 1
2024-02-29 14:18:38,624 INFO    SenderThread:7638 [sender.py:transition_state():617] send defer: 2
2024-02-29 14:18:38,624 DEBUG   HandlerThread:7638 [handler.py:handle_request():146] handle_request: defer
2024-02-29 14:18:38,624 INFO    HandlerThread:7638 [handler.py:handle_request_defer():172] handle defer: 2
2024-02-29 14:18:38,624 INFO    HandlerThread:7638 [system_monitor.py:finish():203] Stopping system monitor
2024-02-29 14:18:38,624 DEBUG   SystemMonitor:7638 [system_monitor.py:_start():179] Finished system metrics aggregation loop
2024-02-29 14:18:38,625 DEBUG   SystemMonitor:7638 [system_monitor.py:_start():183] Publishing last batch of metrics
2024-02-29 14:18:38,626 INFO    HandlerThread:7638 [interfaces.py:finish():202] Joined cpu monitor
2024-02-29 14:18:38,626 INFO    HandlerThread:7638 [interfaces.py:finish():202] Joined disk monitor
2024-02-29 14:18:39,134 INFO    Thread-12 :7638 [dir_watcher.py:_on_file_modified():288] file/dir modified: /Users/volodimir/Desktop/Bachelor/CrossValidation/wandb/run-20240229_141501-4wbkmjti/files/output.log
2024-02-29 14:18:39,135 INFO    Thread-12 :7638 [dir_watcher.py:_on_file_modified():288] file/dir modified: /Users/volodimir/Desktop/Bachelor/CrossValidation/wandb/run-20240229_141501-4wbkmjti/files/wandb-summary.json
2024-02-29 14:18:39,186 INFO    HandlerThread:7638 [interfaces.py:finish():202] Joined gpuapple monitor
2024-02-29 14:18:39,186 INFO    HandlerThread:7638 [interfaces.py:finish():202] Joined memory monitor
2024-02-29 14:18:39,187 INFO    HandlerThread:7638 [interfaces.py:finish():202] Joined network monitor
2024-02-29 14:18:39,188 DEBUG   SenderThread:7638 [sender.py:send_request():409] send_request: defer
2024-02-29 14:18:39,188 INFO    SenderThread:7638 [sender.py:send_request_defer():613] handle sender defer: 2
2024-02-29 14:18:39,188 INFO    SenderThread:7638 [sender.py:transition_state():617] send defer: 3
2024-02-29 14:18:39,188 DEBUG   SenderThread:7638 [sender.py:send():382] send: stats
2024-02-29 14:18:39,189 DEBUG   HandlerThread:7638 [handler.py:handle_request():146] handle_request: defer
2024-02-29 14:18:39,189 INFO    HandlerThread:7638 [handler.py:handle_request_defer():172] handle defer: 3
2024-02-29 14:18:39,189 DEBUG   SenderThread:7638 [sender.py:send_request():409] send_request: defer
2024-02-29 14:18:39,189 INFO    SenderThread:7638 [sender.py:send_request_defer():613] handle sender defer: 3
2024-02-29 14:18:39,189 INFO    SenderThread:7638 [sender.py:transition_state():617] send defer: 4
2024-02-29 14:18:39,189 DEBUG   HandlerThread:7638 [handler.py:handle_request():146] handle_request: defer
2024-02-29 14:18:39,189 INFO    HandlerThread:7638 [handler.py:handle_request_defer():172] handle defer: 4
2024-02-29 14:18:39,190 DEBUG   SenderThread:7638 [sender.py:send_request():409] send_request: defer
2024-02-29 14:18:39,190 INFO    SenderThread:7638 [sender.py:send_request_defer():613] handle sender defer: 4
2024-02-29 14:18:39,190 INFO    SenderThread:7638 [sender.py:transition_state():617] send defer: 5
2024-02-29 14:18:39,190 DEBUG   HandlerThread:7638 [handler.py:handle_request():146] handle_request: defer
2024-02-29 14:18:39,190 INFO    HandlerThread:7638 [handler.py:handle_request_defer():172] handle defer: 5
2024-02-29 14:18:39,191 DEBUG   SenderThread:7638 [sender.py:send():382] send: summary
2024-02-29 14:18:39,191 INFO    SenderThread:7638 [sender.py:_save_file():1403] saving file wandb-summary.json with policy end
2024-02-29 14:18:39,192 DEBUG   SenderThread:7638 [sender.py:send_request():409] send_request: defer
2024-02-29 14:18:39,192 INFO    SenderThread:7638 [sender.py:send_request_defer():613] handle sender defer: 5
2024-02-29 14:18:39,192 INFO    SenderThread:7638 [sender.py:transition_state():617] send defer: 6
2024-02-29 14:18:39,192 DEBUG   HandlerThread:7638 [handler.py:handle_request():146] handle_request: defer
2024-02-29 14:18:39,192 INFO    HandlerThread:7638 [handler.py:handle_request_defer():172] handle defer: 6
2024-02-29 14:18:39,192 DEBUG   SenderThread:7638 [sender.py:send_request():409] send_request: defer
2024-02-29 14:18:39,192 INFO    SenderThread:7638 [sender.py:send_request_defer():613] handle sender defer: 6
2024-02-29 14:18:39,198 DEBUG   HandlerThread:7638 [handler.py:handle_request():146] handle_request: status_report
2024-02-29 14:18:39,211 INFO    wandb-upload_1:7638 [upload_job.py:push():89] Uploaded file /Users/volodimir/Library/Application Support/wandb/artifacts/staging/tmphgern46e
2024-02-29 14:18:39,382 INFO    SenderThread:7638 [sender.py:transition_state():617] send defer: 7
2024-02-29 14:18:39,382 DEBUG   HandlerThread:7638 [handler.py:handle_request():146] handle_request: defer
2024-02-29 14:18:39,383 INFO    HandlerThread:7638 [handler.py:handle_request_defer():172] handle defer: 7
2024-02-29 14:18:39,383 DEBUG   SenderThread:7638 [sender.py:send_request():409] send_request: defer
2024-02-29 14:18:39,383 INFO    SenderThread:7638 [sender.py:send_request_defer():613] handle sender defer: 7
2024-02-29 14:18:39,631 DEBUG   HandlerThread:7638 [handler.py:handle_request():146] handle_request: poll_exit
2024-02-29 14:18:40,147 INFO    Thread-12 :7638 [dir_watcher.py:_on_file_modified():288] file/dir modified: /Users/volodimir/Desktop/Bachelor/CrossValidation/wandb/run-20240229_141501-4wbkmjti/files/config.yaml
2024-02-29 14:18:40,148 INFO    Thread-12 :7638 [dir_watcher.py:_on_file_modified():288] file/dir modified: /Users/volodimir/Desktop/Bachelor/CrossValidation/wandb/run-20240229_141501-4wbkmjti/files/output.log
2024-02-29 14:18:40,148 INFO    Thread-12 :7638 [dir_watcher.py:_on_file_modified():288] file/dir modified: /Users/volodimir/Desktop/Bachelor/CrossValidation/wandb/run-20240229_141501-4wbkmjti/files/wandb-summary.json
2024-02-29 14:18:41,993 INFO    SenderThread:7638 [sender.py:transition_state():617] send defer: 8
2024-02-29 14:18:41,994 DEBUG   SenderThread:7638 [sender.py:send_request():409] send_request: poll_exit
2024-02-29 14:18:41,994 DEBUG   HandlerThread:7638 [handler.py:handle_request():146] handle_request: defer
2024-02-29 14:18:41,995 INFO    HandlerThread:7638 [handler.py:handle_request_defer():172] handle defer: 8
2024-02-29 14:18:41,996 DEBUG   SenderThread:7638 [sender.py:send_request():409] send_request: defer
2024-02-29 14:18:41,996 INFO    SenderThread:7638 [sender.py:send_request_defer():613] handle sender defer: 8
2024-02-29 14:18:41,996 INFO    SenderThread:7638 [sender.py:transition_state():617] send defer: 9
2024-02-29 14:18:41,997 DEBUG   HandlerThread:7638 [handler.py:handle_request():146] handle_request: defer
2024-02-29 14:18:41,997 INFO    HandlerThread:7638 [handler.py:handle_request_defer():172] handle defer: 9
2024-02-29 14:18:41,998 DEBUG   SenderThread:7638 [sender.py:send_request():409] send_request: defer
2024-02-29 14:18:41,998 INFO    SenderThread:7638 [sender.py:send_request_defer():613] handle sender defer: 9
2024-02-29 14:18:41,998 INFO    SenderThread:7638 [dir_watcher.py:finish():358] shutting down directory watcher
2024-02-29 14:18:42,169 INFO    SenderThread:7638 [dir_watcher.py:_on_file_modified():288] file/dir modified: /Users/volodimir/Desktop/Bachelor/CrossValidation/wandb/run-20240229_141501-4wbkmjti/files/output.log
2024-02-29 14:18:42,170 INFO    SenderThread:7638 [dir_watcher.py:finish():388] scan: /Users/volodimir/Desktop/Bachelor/CrossValidation/wandb/run-20240229_141501-4wbkmjti/files
2024-02-29 14:18:42,171 INFO    SenderThread:7638 [dir_watcher.py:finish():402] scan save: /Users/volodimir/Desktop/Bachelor/CrossValidation/wandb/run-20240229_141501-4wbkmjti/files/requirements.txt requirements.txt
2024-02-29 14:18:42,171 INFO    SenderThread:7638 [dir_watcher.py:finish():402] scan save: /Users/volodimir/Desktop/Bachelor/CrossValidation/wandb/run-20240229_141501-4wbkmjti/files/output.log output.log
2024-02-29 14:18:42,172 INFO    SenderThread:7638 [dir_watcher.py:finish():402] scan save: /Users/volodimir/Desktop/Bachelor/CrossValidation/wandb/run-20240229_141501-4wbkmjti/files/config.yaml config.yaml
2024-02-29 14:18:42,173 INFO    SenderThread:7638 [dir_watcher.py:finish():402] scan save: /Users/volodimir/Desktop/Bachelor/CrossValidation/wandb/run-20240229_141501-4wbkmjti/files/wandb-summary.json wandb-summary.json
2024-02-29 14:18:42,173 INFO    SenderThread:7638 [dir_watcher.py:finish():402] scan save: /Users/volodimir/Desktop/Bachelor/CrossValidation/wandb/run-20240229_141501-4wbkmjti/files/conda-environment.yaml conda-environment.yaml
2024-02-29 14:18:42,174 INFO    SenderThread:7638 [dir_watcher.py:finish():402] scan save: /Users/volodimir/Desktop/Bachelor/CrossValidation/wandb/run-20240229_141501-4wbkmjti/files/wandb-metadata.json wandb-metadata.json
2024-02-29 14:18:42,175 INFO    SenderThread:7638 [dir_watcher.py:finish():402] scan save: /Users/volodimir/Desktop/Bachelor/CrossValidation/wandb/run-20240229_141501-4wbkmjti/files/media/table/confusion_matrix_table_13_a2ff9039ac5564057048.table.json media/table/confusion_matrix_table_13_a2ff9039ac5564057048.table.json
2024-02-29 14:18:42,175 INFO    SenderThread:7638 [sender.py:transition_state():617] send defer: 10
2024-02-29 14:18:42,176 DEBUG   HandlerThread:7638 [handler.py:handle_request():146] handle_request: defer
2024-02-29 14:18:42,176 INFO    HandlerThread:7638 [handler.py:handle_request_defer():172] handle defer: 10
2024-02-29 14:18:42,177 DEBUG   SenderThread:7638 [sender.py:send_request():409] send_request: defer
2024-02-29 14:18:42,177 INFO    SenderThread:7638 [sender.py:send_request_defer():613] handle sender defer: 10
2024-02-29 14:18:42,177 INFO    SenderThread:7638 [file_pusher.py:finish():172] shutting down file pusher
2024-02-29 14:18:42,649 DEBUG   HandlerThread:7638 [handler.py:handle_request():146] handle_request: poll_exit
2024-02-29 14:18:42,650 DEBUG   SenderThread:7638 [sender.py:send_request():409] send_request: poll_exit
2024-02-29 14:18:43,653 DEBUG   HandlerThread:7638 [handler.py:handle_request():146] handle_request: poll_exit
2024-02-29 14:18:43,654 DEBUG   SenderThread:7638 [sender.py:send_request():409] send_request: poll_exit
2024-02-29 14:18:44,658 DEBUG   HandlerThread:7638 [handler.py:handle_request():146] handle_request: poll_exit
2024-02-29 14:18:44,659 DEBUG   SenderThread:7638 [sender.py:send_request():409] send_request: poll_exit
2024-02-29 14:18:45,663 DEBUG   HandlerThread:7638 [handler.py:handle_request():146] handle_request: poll_exit
2024-02-29 14:18:45,665 DEBUG   SenderThread:7638 [sender.py:send_request():409] send_request: poll_exit
2024-02-29 14:18:46,148 INFO    wandb-upload_0:7638 [upload_job.py:push():131] Uploaded file /var/folders/r9/fn8812cd1czdjdytwc97q1h80000gn/T/tmpup1qlwmywandb/okhy7tlp-media/table/confusion_matrix_table_13_a2ff9039ac5564057048.table.json
2024-02-29 14:18:46,618 INFO    wandb-upload_2:7638 [upload_job.py:push():131] Uploaded file /Users/volodimir/Desktop/Bachelor/CrossValidation/wandb/run-20240229_141501-4wbkmjti/files/requirements.txt
2024-02-29 14:18:46,672 DEBUG   HandlerThread:7638 [handler.py:handle_request():146] handle_request: poll_exit
2024-02-29 14:18:46,672 DEBUG   SenderThread:7638 [sender.py:send_request():409] send_request: poll_exit
2024-02-29 14:18:46,994 INFO    wandb-upload_1:7638 [upload_job.py:push():131] Uploaded file /Users/volodimir/Desktop/Bachelor/CrossValidation/wandb/run-20240229_141501-4wbkmjti/files/output.log
2024-02-29 14:18:47,225 INFO    wandb-upload_4:7638 [upload_job.py:push():131] Uploaded file /Users/volodimir/Desktop/Bachelor/CrossValidation/wandb/run-20240229_141501-4wbkmjti/files/wandb-summary.json
2024-02-29 14:18:47,651 INFO    wandb-upload_5:7638 [upload_job.py:push():131] Uploaded file /Users/volodimir/Desktop/Bachelor/CrossValidation/wandb/run-20240229_141501-4wbkmjti/files/conda-environment.yaml
2024-02-29 14:18:47,652 INFO    wandb-upload_3:7638 [upload_job.py:push():131] Uploaded file /Users/volodimir/Desktop/Bachelor/CrossValidation/wandb/run-20240229_141501-4wbkmjti/files/config.yaml
2024-02-29 14:18:47,684 DEBUG   HandlerThread:7638 [handler.py:handle_request():146] handle_request: status_report
2024-02-29 14:18:47,685 DEBUG   HandlerThread:7638 [handler.py:handle_request():146] handle_request: poll_exit
2024-02-29 14:18:47,686 DEBUG   SenderThread:7638 [sender.py:send_request():409] send_request: poll_exit
2024-02-29 14:18:47,772 INFO    wandb-upload_0:7638 [upload_job.py:push():131] Uploaded file /var/folders/r9/fn8812cd1czdjdytwc97q1h80000gn/T/tmpup1qlwmywandb/yzo30c02-media/table/confusion_matrix_table_13_a2ff9039ac5564057048.table.json
2024-02-29 14:18:47,975 INFO    Thread-11 (_thread_body):7638 [sender.py:transition_state():617] send defer: 11
2024-02-29 14:18:47,977 DEBUG   HandlerThread:7638 [handler.py:handle_request():146] handle_request: defer
2024-02-29 14:18:47,977 INFO    HandlerThread:7638 [handler.py:handle_request_defer():172] handle defer: 11
2024-02-29 14:18:47,980 DEBUG   SenderThread:7638 [sender.py:send_request():409] send_request: defer
2024-02-29 14:18:47,980 INFO    SenderThread:7638 [sender.py:send_request_defer():613] handle sender defer: 11
2024-02-29 14:18:47,980 INFO    SenderThread:7638 [file_pusher.py:join():178] waiting for file pusher
2024-02-29 14:18:47,984 INFO    SenderThread:7638 [sender.py:transition_state():617] send defer: 12
2024-02-29 14:18:47,984 DEBUG   HandlerThread:7638 [handler.py:handle_request():146] handle_request: defer
2024-02-29 14:18:47,984 INFO    HandlerThread:7638 [handler.py:handle_request_defer():172] handle defer: 12
2024-02-29 14:18:47,985 DEBUG   SenderThread:7638 [sender.py:send_request():409] send_request: defer
2024-02-29 14:18:47,986 INFO    SenderThread:7638 [sender.py:send_request_defer():613] handle sender defer: 12
2024-02-29 14:18:47,986 INFO    SenderThread:7638 [file_stream.py:finish():595] file stream finish called
2024-02-29 14:18:48,687 DEBUG   HandlerThread:7638 [handler.py:handle_request():146] handle_request: poll_exit
2024-02-29 14:19:14,956 DEBUG   HandlerThread:7638 [handler.py:handle_request():146] handle_request: keepalive
2024-02-29 14:19:17,760 INFO    SenderThread:7638 [file_stream.py:finish():599] file stream finish is done
2024-02-29 14:19:17,760 INFO    SenderThread:7638 [sender.py:transition_state():617] send defer: 13
2024-02-29 14:19:17,760 DEBUG   SenderThread:7638 [sender.py:send_request():409] send_request: poll_exit
2024-02-29 14:19:17,760 DEBUG   HandlerThread:7638 [handler.py:handle_request():146] handle_request: defer
2024-02-29 14:19:17,761 INFO    HandlerThread:7638 [handler.py:handle_request_defer():172] handle defer: 13
2024-02-29 14:19:17,761 DEBUG   HandlerThread:7638 [handler.py:handle_request():146] handle_request: status_report
2024-02-29 14:19:17,761 DEBUG   SenderThread:7638 [sender.py:send_request():409] send_request: defer
2024-02-29 14:19:17,761 INFO    SenderThread:7638 [sender.py:send_request_defer():613] handle sender defer: 13
2024-02-29 14:19:17,761 INFO    SenderThread:7638 [sender.py:transition_state():617] send defer: 14
2024-02-29 14:19:17,761 DEBUG   HandlerThread:7638 [handler.py:handle_request():146] handle_request: defer
2024-02-29 14:19:17,762 INFO    HandlerThread:7638 [handler.py:handle_request_defer():172] handle defer: 14
2024-02-29 14:19:17,762 DEBUG   SenderThread:7638 [sender.py:send():382] send: final
2024-02-29 14:19:17,762 DEBUG   SenderThread:7638 [sender.py:send():382] send: footer
2024-02-29 14:19:17,762 DEBUG   SenderThread:7638 [sender.py:send_request():409] send_request: defer
2024-02-29 14:19:17,762 INFO    SenderThread:7638 [sender.py:send_request_defer():613] handle sender defer: 14
2024-02-29 14:19:17,763 DEBUG   HandlerThread:7638 [handler.py:handle_request():146] handle_request: poll_exit
2024-02-29 14:19:17,763 DEBUG   HandlerThread:7638 [handler.py:handle_request():146] handle_request: poll_exit
2024-02-29 14:19:17,763 DEBUG   HandlerThread:7638 [handler.py:handle_request():146] handle_request: server_info
2024-02-29 14:19:17,763 DEBUG   SenderThread:7638 [sender.py:send_request():409] send_request: poll_exit
2024-02-29 14:19:17,764 DEBUG   HandlerThread:7638 [handler.py:handle_request():146] handle_request: get_summary
2024-02-29 14:19:17,764 DEBUG   SenderThread:7638 [sender.py:send_request():409] send_request: poll_exit
2024-02-29 14:19:17,764 DEBUG   HandlerThread:7638 [handler.py:handle_request():146] handle_request: sampled_history
2024-02-29 14:19:17,764 DEBUG   SenderThread:7638 [sender.py:send_request():409] send_request: server_info
2024-02-29 14:19:17,765 DEBUG   HandlerThread:7638 [handler.py:handle_request():146] handle_request: internal_messages
2024-02-29 14:19:17,767 DEBUG   HandlerThread:7638 [handler.py:handle_request():146] handle_request: job_info
2024-02-29 14:19:17,937 DEBUG   SenderThread:7638 [sender.py:send_request():409] send_request: job_info
2024-02-29 14:19:17,938 INFO    MainThread:7638 [wandb_run.py:_footer_history_summary_info():3866] rendering history
2024-02-29 14:19:17,939 INFO    MainThread:7638 [wandb_run.py:_footer_history_summary_info():3898] rendering summary
2024-02-29 14:19:17,940 INFO    MainThread:7638 [wandb_run.py:_footer_sync_info():3825] logging synced files
2024-02-29 14:19:17,941 DEBUG   HandlerThread:7638 [handler.py:handle_request():146] handle_request: shutdown
2024-02-29 14:19:17,941 INFO    HandlerThread:7638 [handler.py:finish():869] shutting down handler
2024-02-29 14:19:18,777 INFO    WriterThread:7638 [datastore.py:close():296] close: /Users/volodimir/Desktop/Bachelor/CrossValidation/wandb/run-20240229_141501-4wbkmjti/run-4wbkmjti.wandb
2024-02-29 14:19:18,945 INFO    SenderThread:7638 [sender.py:finish():1572] shutting down sender
2024-02-29 14:19:18,946 INFO    SenderThread:7638 [file_pusher.py:finish():172] shutting down file pusher
2024-02-29 14:19:18,946 INFO    SenderThread:7638 [file_pusher.py:join():178] waiting for file pusher
